0 info it worked if it ends with ok
1 verbose cli [ 'C:\\Program Files\\nodejs\\node.exe',
1 verbose cli   'C:\\Program Files\\nodejs\\node_modules\\npm\\bin\\npm-cli.js',
1 verbose cli   'build',
1 verbose cli   'app' ]
2 info using npm@3.10.3
3 info using node@v6.3.1
4 info build C:\Development\nodeJS\React\db-student-project\calendar-booker\app\app
5 verbose stack Error: ENOENT: no such file or directory, open 'C:\Development\nodeJS\React\db-student-project\calendar-booker\app\app\package.json'
5 verbose stack     at Error (native)
6 verbose cwd C:\Development\nodeJS\React\db-student-project\calendar-booker\app
7 error Windows_NT 10.0.14393
8 error argv "C:\\Program Files\\nodejs\\node.exe" "C:\\Program Files\\nodejs\\node_modules\\npm\\bin\\npm-cli.js" "build" "app"
9 error node v6.3.1
10 error npm  v3.10.3
11 error path C:\Development\nodeJS\React\db-student-project\calendar-booker\app\app\package.json
12 error code ENOENT
13 error errno -4058
14 error syscall open
15 error enoent ENOENT: no such file or directory, open 'C:\Development\nodeJS\React\db-student-project\calendar-booker\app\app\package.json'
16 error enoent ENOENT: no such file or directory, open 'C:\Development\nodeJS\React\db-student-project\calendar-booker\app\app\package.json'
16 error enoent This is most likely not a problem with npm itself
16 error enoent and is related to npm not being able to find a file.
17 verbose exit [ -4058, true ]
